<?xml version="1.0" encoding="UTF-8"?>
<testsuite xmlns:xsi="http://www.w3.org/2001/XMLSchema-instance" xsi:noNamespaceSchemaLocation="https://maven.apache.org/surefire/maven-failsafe-plugin/xsd/failsafe-test-report-3.0.xsd" version="3.0" name="Classes.BillIT" time="5.136" tests="1" errors="0" skipped="0" failures="0">
  <properties>
[...]
</properties>
  <testcase name="testSomeMethod" classname="Classes.BillIT" time="5.126">
    <system-err><![CDATA[may 14, 2024 3:23:17 P. M. com.mongodb.diagnostics.logging.JULLogger log
INFO: Cluster created with settings {hosts=[localhost:27017], mode=SINGLE, requiredClusterType=UNKNOWN, serverSelectionTimeout='30000 ms', maxWaitQueueSize=500}
may 14, 2024 3:23:17 P. M. com.mongodb.diagnostics.logging.JULLogger log
INFO: Cluster description not yet available. Waiting for 30000 ms before timing out
may 14, 2024 3:23:17 P. M. com.mongodb.diagnostics.logging.JULLogger log
INFO: Opened connection [connectionId{localValue:1, serverValue:123}] to localhost:27017
may 14, 2024 3:23:17 P. M. com.mongodb.diagnostics.logging.JULLogger log
INFO: Monitor thread successfully connected to server with description ServerDescription{address=localhost:27017, type=STANDALONE, state=CONNECTED, ok=true, version=ServerVersion{versionList=[7, 0, 9]}, minWireVersion=0, maxWireVersion=21, maxDocumentSize=16777216, logicalSessionTimeoutMinutes=30, roundTripTimeNanos=1528400}
may 14, 2024 3:23:17 P. M. com.mongodb.diagnostics.logging.JULLogger log
INFO: Opened connection [connectionId{localValue:2, serverValue:124}] to localhost:27017
may 14, 2024 3:23:22 P. M. com.mongodb.diagnostics.logging.JULLogger log
INFO: Closed connection [connectionId{localValue:2, serverValue:124}] to localhost:27017 because the pool has been closed.
]]></system-err>
  </testcase>
</testsuite>